<?xml version="1.0" encoding="UTF-8" ?>
<testsuites disabled="6" errors="0" failures="0" tests="8" time="46.769">
 <testsuite name="LoginPage Test:" timestamp="2020-09-08T20:41:18" hostname="localhost" time="25.475" errors="0" tests="4" skipped="0" disabled="3" failures="0">
  <testcase classname="LoginPage Test:" name="Validation Sign in Functionality" time="25.445" />
  <testcase classname="LoginPage Test:" name="Validation login Page Title" time="0.001">
   <skipped message="Temporarily disabled with xit" />
  </testcase>
  <testcase classname="LoginPage Test:" name="Validation locked user Error Message" time="0">
   <skipped message="Temporarily disabled with xit" />
  </testcase>
  <testcase classname="LoginPage Test:" name="Validation Deleted user error message" time="0">
   <skipped message="Temporarily disabled with xit" />
  </testcase>
 </testsuite>
 <testsuite name="Role page : " timestamp="2020-09-08T20:41:43" hostname="localhost" time="21.294" errors="0" tests="4" skipped="0" disabled="3" failures="0">
  <testcase classname="Role page : " name="validation of deletion of existing role" time="21.282" />
  <testcase classname="Role page : " name="Validate presence of roles table" time="0.001">
   <skipped message="Temporarily disabled with xit" />
  </testcase>
  <testcase classname="Role page : " name="validate number of roles created" time="0">
   <skipped message="Temporarily disabled with xit" />
  </testcase>
  <testcase classname="Role page : " name="validation of new role creation" time="0">
   <skipped message="Temporarily disabled with xit" />
  </testcase>
 </testsuite>
</testsuites>